<?xml version="1.0" encoding="UTF-8"?>
<!-- Generated by org.testng.reporters.JUnitXMLReporter -->
<testsuite hostname="DESKTOP-U3DFAR1" ignored="0" name="Default test" tests="4" failures="0" timestamp="2023-02-14T23:04:34 IST" time="55.49" errors="0">
  <testcase name="loginCredentials" time="11.079" classname="dataProviderTestCase.Login"/>
  <testcase name="loginCredentials" time="3.718" classname="dataProviderTestCase.Login"/>
  <testcase name="loginCredentials" time="3.391" classname="dataProviderTestCase.Login"/>
  <testcase name="loginCredentials" time="6.117" classname="dataProviderTestCase.Login"/>
</testsuite> <!-- Default test -->
