<?xml version="1.0" encoding="UTF-8"?>
<!-- Generated by org.testng.reporters.JUnitXMLReporter -->
<testsuite hostname="DESKTOP-U3DFAR1" ignored="0" name="loginDetails" tests="4" failures="0" timestamp="2023-02-11T01:13:02 IST" time="54.47" errors="0">
  <testcase name="correctUseName" time="15.249" classname="dataProviderTestCase.CorrectUsername"/>
  <testcase name="correctPassword" time="14.611" classname="dataProviderTestCase.CorrectPassword"/>
  <testcase name="bothRight" time="13.581" classname="dataProviderTestCase.BothCorrect"/>
  <testcase name="bothWrong" time="10.894" classname="dataProviderTestCase.BothIncorrect"/>
</testsuite> <!-- loginDetails -->
